<?xml version="1.0" encoding="UTF-8"?>
<!-- Generated by org.testng.reporters.JUnitReportReporter -->
<testsuite skipped="0" hostname="DESKTOP-2OU9P92" name="com.test.azure.FreshWorksTest" tests="1" failures="0" timestamp="31 Jan 2023 04:21:04 GMT" time="22.486" errors="0">
  <testcase name="freshWorkslogoTest" time="22.486" classname="com.test.azure.FreshWorksTest"/>
</testsuite> <!-- com.test.azure.FreshWorksTest -->
